<?xml version="1.0" encoding="UTF-8"?>
<coverage generated="1708881245349" clover="3.2.0">
  <project timestamp="1708881245349" name="All files">
    <metrics statements="55" coveredstatements="52" conditionals="12" coveredconditionals="10" methods="22" coveredmethods="19" elements="89" coveredelements="81" complexity="0" loc="55" ncloc="55" packages="2" files="6" classes="6"/>
    <package name="components">
      <metrics statements="54" coveredstatements="51" conditionals="12" coveredconditionals="10" methods="22" coveredmethods="19"/>
      <file name="Header.jsx" path="/home/aryan/Desktop/MyProgress/Coding/MERN/namaste-react/src/components/Header.jsx">
        <metrics statements="2" coveredstatements="2" conditionals="0" coveredconditionals="0" methods="1" coveredmethods="1"/>
        <line num="4" count="1" type="stmt"/>
        <line num="5" count="1" type="stmt"/>
      </file>
      <file name="ItemList.jsx" path="/home/aryan/Desktop/MyProgress/Coding/MERN/namaste-react/src/components/ItemList.jsx">
        <metrics statements="8" coveredstatements="8" conditionals="2" coveredconditionals="2" methods="4" coveredmethods="4"/>
        <line num="5" count="1" type="stmt"/>
        <line num="6" count="5" type="stmt"/>
        <line num="8" count="5" type="stmt"/>
        <line num="10" count="5" type="stmt"/>
        <line num="11" count="1" type="stmt"/>
        <line num="13" count="5" type="stmt"/>
        <line num="16" count="18" type="stmt"/>
        <line num="26" count="1" type="stmt"/>
      </file>
      <file name="RestaurantCard.jsx" path="/home/aryan/Desktop/MyProgress/Coding/MERN/namaste-react/src/components/RestaurantCard.jsx">
        <metrics statements="7" coveredstatements="7" conditionals="0" coveredconditionals="0" methods="3" coveredmethods="3"/>
        <line num="3" count="2" type="stmt"/>
        <line num="4" count="21" type="stmt"/>
        <line num="6" count="21" type="stmt"/>
        <line num="7" count="21" type="stmt"/>
        <line num="24" count="2" type="stmt"/>
        <line num="25" count="5" type="stmt"/>
        <line num="28" count="20" type="stmt"/>
      </file>
      <file name="RestaurantContainer.jsx" path="/home/aryan/Desktop/MyProgress/Coding/MERN/namaste-react/src/components/RestaurantContainer.jsx">
        <metrics statements="24" coveredstatements="21" conditionals="6" coveredconditionals="4" methods="10" coveredmethods="7"/>
        <line num="11" count="1" type="stmt"/>
        <line num="12" count="4" type="stmt"/>
        <line num="13" count="4" type="stmt"/>
        <line num="16" count="4" type="stmt"/>
        <line num="18" count="4" type="stmt"/>
        <line num="20" count="4" type="stmt"/>
        <line num="22" count="4" type="stmt"/>
        <line num="23" count="1" type="stmt"/>
        <line num="26" count="4" type="stmt"/>
        <line num="27" count="1" type="stmt"/>
        <line num="29" count="1" type="stmt"/>
        <line num="31" count="1" type="stmt"/>
        <line num="33" count="1" type="stmt"/>
        <line num="34" count="1" type="stmt"/>
        <line num="37" count="4" type="stmt"/>
        <line num="38" count="4" type="cond" truecount="1" falsecount="1"/>
        <line num="41" count="4" type="cond" truecount="2" falsecount="0"/>
        <line num="48" count="1" type="stmt"/>
        <line num="51" count="9" type="stmt"/>
        <line num="52" count="1" type="stmt"/>
        <line num="57" count="0" type="stmt"/>
        <line num="58" count="0" type="stmt"/>
        <line num="62" count="0" type="stmt"/>
        <line num="67" count="19" type="stmt"/>
      </file>
      <file name="RestaurantMenu.jsx" path="/home/aryan/Desktop/MyProgress/Coding/MERN/namaste-react/src/components/RestaurantMenu.jsx">
        <metrics statements="13" coveredstatements="13" conditionals="4" coveredconditionals="4" methods="4" coveredmethods="4"/>
        <line num="7" count="1" type="stmt"/>
        <line num="9" count="3" type="stmt"/>
        <line num="10" count="3" type="stmt"/>
        <line num="12" count="3" type="stmt"/>
        <line num="14" count="3" type="cond" truecount="2" falsecount="0"/>
        <line num="15" count="1" type="stmt"/>
        <line num="20" count="2" type="stmt"/>
        <line num="22" count="2" type="stmt"/>
        <line num="24" count="34" type="stmt"/>
        <line num="27" count="2" type="stmt"/>
        <line num="29" count="2" type="stmt"/>
        <line num="38" count="10" type="stmt"/>
        <line num="42" count="1" type="stmt"/>
      </file>
    </package>
    <package name="utils">
      <metrics statements="1" coveredstatements="1" conditionals="0" coveredconditionals="0" methods="0" coveredmethods="0"/>
      <file name="appStore.js" path="/home/aryan/Desktop/MyProgress/Coding/MERN/namaste-react/src/utils/appStore.js">
        <metrics statements="1" coveredstatements="1" conditionals="0" coveredconditionals="0" methods="0" coveredmethods="0"/>
        <line num="4" count="2" type="stmt"/>
      </file>
    </package>
  </project>
</coverage>
