{"/home/aryan/Desktop/MyProgress/Coding/MERN/namaste-react/src/components/Contact.jsx": {"path":"/home/aryan/Desktop/MyProgress/Coding/MERN/namaste-react/src/components/Contact.jsx","statementMap":{"0":{"start":{"line":1,"column":16},"end":{"line":12,"column":1}},"1":{"start":{"line":2,"column":4},"end":{"line":11,"column":5}}},"fnMap":{"0":{"name":"(anonymous_0)","decl":{"start":{"line":1,"column":16},"end":{"line":1,"column":17}},"loc":{"start":{"line":1,"column":22},"end":{"line":12,"column":1}},"line":1}},"branchMap":{},"s":{"0":1,"1":2},"f":{"0":2},"b":{},"_coverageSchema":"1a1c01bbd47fc00a2c39e90264f33305004495a9","hash":"af517c9a8a7eb7de05220309a283257e20726743"}
,"/home/aryan/Desktop/MyProgress/Coding/MERN/namaste-react/src/components/NavItems.jsx": {"path":"/home/aryan/Desktop/MyProgress/Coding/MERN/namaste-react/src/components/NavItems.jsx","statementMap":{"0":{"start":{"line":7,"column":17},"end":{"line":36,"column":1}},"1":{"start":{"line":9,"column":40},"end":{"line":9,"column":57}},"2":{"start":{"line":10,"column":25},"end":{"line":10,"column":42}},"3":{"start":{"line":12,"column":27},"end":{"line":12,"column":50}},"4":{"start":{"line":13,"column":4},"end":{"line":15,"column":20}},"5":{"start":{"line":14,"column":8},"end":{"line":14,"column":39}},"6":{"start":{"line":17,"column":22},"end":{"line":17,"column":62}},"7":{"start":{"line":17,"column":45},"end":{"line":17,"column":61}},"8":{"start":{"line":18,"column":4},"end":{"line":18,"column":26}},"9":{"start":{"line":20,"column":4},"end":{"line":35,"column":5}},"10":{"start":{"line":30,"column":20},"end":{"line":30,"column":92}}},"fnMap":{"0":{"name":"(anonymous_0)","decl":{"start":{"line":7,"column":17},"end":{"line":7,"column":18}},"loc":{"start":{"line":7,"column":23},"end":{"line":36,"column":1}},"line":7},"1":{"name":"(anonymous_1)","decl":{"start":{"line":13,"column":14},"end":{"line":13,"column":15}},"loc":{"start":{"line":13,"column":18},"end":{"line":15,"column":5}},"line":13},"2":{"name":"(anonymous_2)","decl":{"start":{"line":17,"column":34},"end":{"line":17,"column":35}},"loc":{"start":{"line":17,"column":45},"end":{"line":17,"column":61}},"line":17},"3":{"name":"(anonymous_3)","decl":{"start":{"line":29,"column":50},"end":{"line":29,"column":51}},"loc":{"start":{"line":29,"column":54},"end":{"line":31,"column":17}},"line":29}},"branchMap":{"0":{"loc":{"start":{"line":23,"column":53},"end":{"line":23,"column":76}},"type":"cond-expr","locations":[{"start":{"line":23,"column":67},"end":{"line":23,"column":71}},{"start":{"line":23,"column":72},"end":{"line":23,"column":76}}],"line":23},"1":{"loc":{"start":{"line":30,"column":20},"end":{"line":30,"column":91}},"type":"cond-expr","locations":[{"start":{"line":30,"column":45},"end":{"line":30,"column":68}},{"start":{"line":30,"column":69},"end":{"line":30,"column":91}}],"line":30}},"s":{"0":1,"1":4,"2":4,"3":4,"4":4,"5":4,"6":4,"7":7,"8":4,"9":4,"10":1},"f":{"0":4,"1":4,"2":7,"3":1},"b":{"0":[4,0],"1":[1,0]},"_coverageSchema":"1a1c01bbd47fc00a2c39e90264f33305004495a9","hash":"c477bd374d3d7bf0b1a85a4e1780537974f9d1a4"}
,"/home/aryan/Desktop/MyProgress/Coding/MERN/namaste-react/src/components/RestaurantCard.jsx": {"path":"/home/aryan/Desktop/MyProgress/Coding/MERN/namaste-react/src/components/RestaurantCard.jsx","statementMap":{"0":{"start":{"line":3,"column":23},"end":{"line":17,"column":1}},"1":{"start":{"line":4,"column":22},"end":{"line":4,"column":27}},"2":{"start":{"line":6,"column":76},"end":{"line":6,"column":83}},"3":{"start":{"line":7,"column":4},"end":{"line":16,"column":5}},"4":{"start":{"line":24,"column":35},"end":{"line":37,"column":1}},"5":{"start":{"line":25,"column":4},"end":{"line":36,"column":5}},"6":{"start":{"line":28,"column":8},"end":{"line":35,"column":9}}},"fnMap":{"0":{"name":"(anonymous_0)","decl":{"start":{"line":3,"column":23},"end":{"line":3,"column":24}},"loc":{"start":{"line":3,"column":34},"end":{"line":17,"column":1}},"line":3},"1":{"name":"(anonymous_1)","decl":{"start":{"line":24,"column":35},"end":{"line":24,"column":36}},"loc":{"start":{"line":24,"column":55},"end":{"line":37,"column":1}},"line":24},"2":{"name":"(anonymous_2)","decl":{"start":{"line":25,"column":11},"end":{"line":25,"column":12}},"loc":{"start":{"line":25,"column":22},"end":{"line":36,"column":5}},"line":25}},"branchMap":{},"s":{"0":1,"1":2,"2":2,"3":2,"4":1,"5":1,"6":1},"f":{"0":2,"1":1,"2":1},"b":{},"_coverageSchema":"1a1c01bbd47fc00a2c39e90264f33305004495a9","hash":"faa0fc82f2aa64664ec4b1a76d47ad9733bff3ab"}
,"/home/aryan/Desktop/MyProgress/Coding/MERN/namaste-react/src/components/sum.js": {"path":"/home/aryan/Desktop/MyProgress/Coding/MERN/namaste-react/src/components/sum.js","statementMap":{"0":{"start":{"line":1,"column":19},"end":{"line":1,"column":34}},"1":{"start":{"line":1,"column":29},"end":{"line":1,"column":34}}},"fnMap":{"0":{"name":"(anonymous_0)","decl":{"start":{"line":1,"column":19},"end":{"line":1,"column":20}},"loc":{"start":{"line":1,"column":29},"end":{"line":1,"column":34}},"line":1}},"branchMap":{},"s":{"0":1,"1":1},"f":{"0":1},"b":{},"_coverageSchema":"1a1c01bbd47fc00a2c39e90264f33305004495a9","hash":"81c11229b4931ce60c5f0b58ffdb891edf8aa8af"}
,"/home/aryan/Desktop/MyProgress/Coding/MERN/namaste-react/src/utils/Usercontext.js": {"path":"/home/aryan/Desktop/MyProgress/Coding/MERN/namaste-react/src/utils/Usercontext.js","statementMap":{"0":{"start":{"line":3,"column":20},"end":{"line":5,"column":2}}},"fnMap":{},"branchMap":{},"s":{"0":1},"f":{},"b":{},"_coverageSchema":"1a1c01bbd47fc00a2c39e90264f33305004495a9","hash":"334a7918d52a8c6a122595f724676678f9c35456"}
,"/home/aryan/Desktop/MyProgress/Coding/MERN/namaste-react/src/utils/appStore.js": {"path":"/home/aryan/Desktop/MyProgress/Coding/MERN/namaste-react/src/utils/appStore.js","statementMap":{"0":{"start":{"line":4,"column":17},"end":{"line":8,"column":2}}},"fnMap":{},"branchMap":{},"s":{"0":1},"f":{},"b":{},"_coverageSchema":"1a1c01bbd47fc00a2c39e90264f33305004495a9","hash":"8459c14febf3a5588c68a575a0bc837c0c94cd5f"}
,"/home/aryan/Desktop/MyProgress/Coding/MERN/namaste-react/src/utils/cartSlice.js": {"path":"/home/aryan/Desktop/MyProgress/Coding/MERN/namaste-react/src/utils/cartSlice.js","statementMap":{"0":{"start":{"line":3,"column":18},"end":{"line":19,"column":2}},"1":{"start":{"line":10,"column":12},"end":{"line":10,"column":44}},"2":{"start":{"line":13,"column":12},"end":{"line":13,"column":29}},"3":{"start":{"line":16,"column":12},"end":{"line":16,"column":35}},"4":{"start":{"line":21,"column":48},"end":{"line":21,"column":65}}},"fnMap":{"0":{"name":"(anonymous_0)","decl":{"start":{"line":9,"column":17},"end":{"line":9,"column":18}},"loc":{"start":{"line":9,"column":36},"end":{"line":11,"column":9}},"line":9},"1":{"name":"(anonymous_1)","decl":{"start":{"line":12,"column":20},"end":{"line":12,"column":21}},"loc":{"start":{"line":12,"column":39},"end":{"line":14,"column":9}},"line":12},"2":{"name":"(anonymous_2)","decl":{"start":{"line":15,"column":19},"end":{"line":15,"column":20}},"loc":{"start":{"line":15,"column":30},"end":{"line":17,"column":9}},"line":15}},"branchMap":{},"s":{"0":1,"1":0,"2":0,"3":0,"4":1},"f":{"0":0,"1":0,"2":0},"b":{},"_coverageSchema":"1a1c01bbd47fc00a2c39e90264f33305004495a9","hash":"c8d544fbeb279a9a291d02e74f8f683216cebda4"}
,"/home/aryan/Desktop/MyProgress/Coding/MERN/namaste-react/src/utils/constants.js": {"path":"/home/aryan/Desktop/MyProgress/Coding/MERN/namaste-react/src/utils/constants.js","statementMap":{"0":{"start":{"line":3,"column":23},"end":{"line":3,"column":106}},"1":{"start":{"line":5,"column":24},"end":{"line":5,"column":107}},"2":{"start":{"line":7,"column":24},"end":{"line":7,"column":154}}},"fnMap":{},"branchMap":{},"s":{"0":1,"1":1,"2":1},"f":{},"b":{},"_coverageSchema":"1a1c01bbd47fc00a2c39e90264f33305004495a9","hash":"146cc8551f0cf434e36432b7670f0cf60a63819d"}
,"/home/aryan/Desktop/MyProgress/Coding/MERN/namaste-react/src/utils/useOnlineStatus.js": {"path":"/home/aryan/Desktop/MyProgress/Coding/MERN/namaste-react/src/utils/useOnlineStatus.js","statementMap":{"0":{"start":{"line":3,"column":24},"end":{"line":24,"column":1}},"1":{"start":{"line":10,"column":44},"end":{"line":10,"column":58}},"2":{"start":{"line":12,"column":4},"end":{"line":20,"column":10}},"3":{"start":{"line":13,"column":8},"end":{"line":15,"column":10}},"4":{"start":{"line":14,"column":12},"end":{"line":14,"column":35}},"5":{"start":{"line":17,"column":8},"end":{"line":19,"column":10}},"6":{"start":{"line":18,"column":12},"end":{"line":18,"column":34}},"7":{"start":{"line":23,"column":4},"end":{"line":23,"column":24}}},"fnMap":{"0":{"name":"(anonymous_0)","decl":{"start":{"line":3,"column":24},"end":{"line":3,"column":25}},"loc":{"start":{"line":3,"column":30},"end":{"line":24,"column":1}},"line":3},"1":{"name":"(anonymous_1)","decl":{"start":{"line":12,"column":14},"end":{"line":12,"column":15}},"loc":{"start":{"line":12,"column":18},"end":{"line":20,"column":5}},"line":12},"2":{"name":"(anonymous_2)","decl":{"start":{"line":13,"column":43},"end":{"line":13,"column":44}},"loc":{"start":{"line":13,"column":49},"end":{"line":15,"column":9}},"line":13},"3":{"name":"(anonymous_3)","decl":{"start":{"line":17,"column":42},"end":{"line":17,"column":43}},"loc":{"start":{"line":17,"column":48},"end":{"line":19,"column":9}},"line":17}},"branchMap":{},"s":{"0":1,"1":4,"2":4,"3":3,"4":0,"5":3,"6":0,"7":4},"f":{"0":4,"1":3,"2":0,"3":0},"b":{},"_coverageSchema":"1a1c01bbd47fc00a2c39e90264f33305004495a9","hash":"a894df9fca8fe7b91482204e6983f57749c7592b"}
}
