{"/home/aryan/Desktop/MyProgress/Coding/MERN/namaste-react/src/components/Header.jsx": {"path":"/home/aryan/Desktop/MyProgress/Coding/MERN/namaste-react/src/components/Header.jsx","statementMap":{"0":{"start":{"line":4,"column":15},"end":{"line":11,"column":1}},"1":{"start":{"line":5,"column":4},"end":{"line":10,"column":5}}},"fnMap":{"0":{"name":"(anonymous_0)","decl":{"start":{"line":4,"column":15},"end":{"line":4,"column":16}},"loc":{"start":{"line":4,"column":21},"end":{"line":11,"column":1}},"line":4}},"branchMap":{},"s":{"0":1,"1":1},"f":{"0":1},"b":{},"_coverageSchema":"1a1c01bbd47fc00a2c39e90264f33305004495a9","hash":"4f94c9729d8999a2626fdff5cd43de768f90477a"}
,"/home/aryan/Desktop/MyProgress/Coding/MERN/namaste-react/src/components/ItemList.jsx": {"path":"/home/aryan/Desktop/MyProgress/Coding/MERN/namaste-react/src/components/ItemList.jsx","statementMap":{"0":{"start":{"line":5,"column":17},"end":{"line":34,"column":1}},"1":{"start":{"line":6,"column":22},"end":{"line":6,"column":33}},"2":{"start":{"line":8,"column":21},"end":{"line":8,"column":34}},"3":{"start":{"line":10,"column":26},"end":{"line":12,"column":5}},"4":{"start":{"line":11,"column":8},"end":{"line":11,"column":31}},"5":{"start":{"line":13,"column":4},"end":{"line":33,"column":5}},"6":{"start":{"line":16,"column":16},"end":{"line":31,"column":22}},"7":{"start":{"line":26,"column":118},"end":{"line":26,"column":137}}},"fnMap":{"0":{"name":"(anonymous_0)","decl":{"start":{"line":5,"column":17},"end":{"line":5,"column":18}},"loc":{"start":{"line":5,"column":28},"end":{"line":34,"column":1}},"line":5},"1":{"name":"(anonymous_1)","decl":{"start":{"line":10,"column":26},"end":{"line":10,"column":27}},"loc":{"start":{"line":10,"column":36},"end":{"line":12,"column":5}},"line":10},"2":{"name":"(anonymous_2)","decl":{"start":{"line":15,"column":27},"end":{"line":15,"column":28}},"loc":{"start":{"line":16,"column":16},"end":{"line":31,"column":22}},"line":16},"3":{"name":"(anonymous_3)","decl":{"start":{"line":26,"column":112},"end":{"line":26,"column":113}},"loc":{"start":{"line":26,"column":118},"end":{"line":26,"column":137}},"line":26}},"branchMap":{"0":{"loc":{"start":{"line":20,"column":40},"end":{"line":20,"column":131}},"type":"cond-expr","locations":[{"start":{"line":20,"column":74},"end":{"line":20,"column":105}},{"start":{"line":20,"column":107},"end":{"line":20,"column":131}}],"line":20}},"s":{"0":1,"1":5,"2":5,"3":5,"4":1,"5":5,"6":18,"7":1},"f":{"0":5,"1":1,"2":18,"3":1},"b":{"0":[6,12]},"_coverageSchema":"1a1c01bbd47fc00a2c39e90264f33305004495a9","hash":"5f6281153338454e9b6e0a1a34407e80784c8601"}
,"/home/aryan/Desktop/MyProgress/Coding/MERN/namaste-react/src/components/RestaurantCard.jsx": {"path":"/home/aryan/Desktop/MyProgress/Coding/MERN/namaste-react/src/components/RestaurantCard.jsx","statementMap":{"0":{"start":{"line":3,"column":23},"end":{"line":17,"column":1}},"1":{"start":{"line":4,"column":22},"end":{"line":4,"column":27}},"2":{"start":{"line":6,"column":76},"end":{"line":6,"column":83}},"3":{"start":{"line":7,"column":4},"end":{"line":16,"column":5}},"4":{"start":{"line":24,"column":35},"end":{"line":37,"column":1}},"5":{"start":{"line":25,"column":4},"end":{"line":36,"column":5}},"6":{"start":{"line":28,"column":8},"end":{"line":35,"column":9}}},"fnMap":{"0":{"name":"(anonymous_0)","decl":{"start":{"line":3,"column":23},"end":{"line":3,"column":24}},"loc":{"start":{"line":3,"column":34},"end":{"line":17,"column":1}},"line":3},"1":{"name":"(anonymous_1)","decl":{"start":{"line":24,"column":35},"end":{"line":24,"column":36}},"loc":{"start":{"line":24,"column":55},"end":{"line":37,"column":1}},"line":24},"2":{"name":"(anonymous_2)","decl":{"start":{"line":25,"column":11},"end":{"line":25,"column":12}},"loc":{"start":{"line":25,"column":22},"end":{"line":36,"column":5}},"line":25}},"branchMap":{},"s":{"0":2,"1":21,"2":21,"3":21,"4":2,"5":5,"6":20},"f":{"0":21,"1":5,"2":20},"b":{},"_coverageSchema":"1a1c01bbd47fc00a2c39e90264f33305004495a9","hash":"faa0fc82f2aa64664ec4b1a76d47ad9733bff3ab"}
,"/home/aryan/Desktop/MyProgress/Coding/MERN/namaste-react/src/components/RestaurantContainer.jsx": {"path":"/home/aryan/Desktop/MyProgress/Coding/MERN/namaste-react/src/components/RestaurantContainer.jsx","statementMap":{"0":{"start":{"line":11,"column":28},"end":{"line":76,"column":1}},"1":{"start":{"line":12,"column":54},"end":{"line":12,"column":66}},"2":{"start":{"line":13,"column":56},"end":{"line":13,"column":68}},"3":{"start":{"line":16,"column":46},"end":{"line":16,"column":81}},"4":{"start":{"line":18,"column":40},"end":{"line":18,"column":52}},"5":{"start":{"line":20,"column":40},"end":{"line":20,"column":63}},"6":{"start":{"line":22,"column":4},"end":{"line":24,"column":10}},"7":{"start":{"line":23,"column":8},"end":{"line":23,"column":20}},"8":{"start":{"line":26,"column":22},"end":{"line":35,"column":5}},"9":{"start":{"line":27,"column":21},"end":{"line":27,"column":150}},"10":{"start":{"line":29,"column":25},"end":{"line":29,"column":42}},"11":{"start":{"line":31,"column":27},"end":{"line":31,"column":105}},"12":{"start":{"line":33,"column":8},"end":{"line":33,"column":40}},"13":{"start":{"line":34,"column":8},"end":{"line":34,"column":41}},"14":{"start":{"line":37,"column":25},"end":{"line":37,"column":42}},"15":{"start":{"line":38,"column":4},"end":{"line":38,"column":112}},"16":{"start":{"line":38,"column":31},"end":{"line":38,"column":112}},"17":{"start":{"line":41,"column":4},"end":{"line":75,"column":5}},"18":{"start":{"line":48,"column":24},"end":{"line":48,"column":54}},"19":{"start":{"line":51,"column":53},"end":{"line":51,"column":162}},"20":{"start":{"line":51,"column":92},"end":{"line":51,"column":161}},"21":{"start":{"line":52,"column":24},"end":{"line":52,"column":68}},"22":{"start":{"line":57,"column":58},"end":{"line":57,"column":130}},"23":{"start":{"line":57,"column":97},"end":{"line":57,"column":129}},"24":{"start":{"line":58,"column":24},"end":{"line":58,"column":73}},"25":{"start":{"line":62,"column":128},"end":{"line":62,"column":155}},"26":{"start":{"line":67,"column":57},"end":{"line":71,"column":31}}},"fnMap":{"0":{"name":"(anonymous_0)","decl":{"start":{"line":11,"column":28},"end":{"line":11,"column":29}},"loc":{"start":{"line":11,"column":34},"end":{"line":76,"column":1}},"line":11},"1":{"name":"(anonymous_1)","decl":{"start":{"line":22,"column":14},"end":{"line":22,"column":15}},"loc":{"start":{"line":22,"column":20},"end":{"line":24,"column":5}},"line":22},"2":{"name":"(anonymous_2)","decl":{"start":{"line":26,"column":22},"end":{"line":26,"column":23}},"loc":{"start":{"line":26,"column":34},"end":{"line":35,"column":5}},"line":26},"3":{"name":"(anonymous_3)","decl":{"start":{"line":47,"column":141},"end":{"line":47,"column":142}},"loc":{"start":{"line":47,"column":148},"end":{"line":49,"column":21}},"line":47},"4":{"name":"(anonymous_4)","decl":{"start":{"line":50,"column":78},"end":{"line":50,"column":79}},"loc":{"start":{"line":50,"column":82},"end":{"line":53,"column":21}},"line":50},"5":{"name":"(anonymous_5)","decl":{"start":{"line":51,"column":78},"end":{"line":51,"column":79}},"loc":{"start":{"line":51,"column":92},"end":{"line":51,"column":161}},"line":51},"6":{"name":"(anonymous_6)","decl":{"start":{"line":56,"column":72},"end":{"line":56,"column":73}},"loc":{"start":{"line":56,"column":78},"end":{"line":59,"column":21}},"line":56},"7":{"name":"(anonymous_7)","decl":{"start":{"line":57,"column":83},"end":{"line":57,"column":84}},"loc":{"start":{"line":57,"column":97},"end":{"line":57,"column":129}},"line":57},"8":{"name":"(anonymous_8)","decl":{"start":{"line":62,"column":121},"end":{"line":62,"column":122}},"loc":{"start":{"line":62,"column":128},"end":{"line":62,"column":155}},"line":62},"9":{"name":"(anonymous_9)","decl":{"start":{"line":67,"column":43},"end":{"line":67,"column":44}},"loc":{"start":{"line":67,"column":57},"end":{"line":71,"column":31}},"line":67}},"branchMap":{"0":{"loc":{"start":{"line":38,"column":4},"end":{"line":38,"column":112}},"type":"if","locations":[{"start":{"line":38,"column":4},"end":{"line":38,"column":112}},{"start":{},"end":{}}],"line":38},"1":{"loc":{"start":{"line":41,"column":11},"end":{"line":75,"column":5}},"type":"cond-expr","locations":[{"start":{"line":42,"column":8},"end":{"line":42,"column":18}},{"start":{"line":44,"column":8},"end":{"line":74,"column":14}}],"line":41},"2":{"loc":{"start":{"line":68,"column":25},"end":{"line":70,"column":72}},"type":"cond-expr","locations":[{"start":{"line":69,"column":24},"end":{"line":69,"column":89}},{"start":{"line":70,"column":24},"end":{"line":70,"column":71}}],"line":68}},"s":{"0":1,"1":4,"2":4,"3":4,"4":4,"5":4,"6":4,"7":1,"8":4,"9":1,"10":1,"11":1,"12":1,"13":1,"14":4,"15":4,"16":0,"17":4,"18":1,"19":1,"20":9,"21":1,"22":0,"23":0,"24":0,"25":0,"26":19},"f":{"0":4,"1":1,"2":1,"3":1,"4":1,"5":9,"6":0,"7":0,"8":0,"9":19},"b":{"0":[0,4],"1":[1,3],"2":[19,0]},"_coverageSchema":"1a1c01bbd47fc00a2c39e90264f33305004495a9","hash":"18fb5546c8b3cb2631380191465d979537719801"}
,"/home/aryan/Desktop/MyProgress/Coding/MERN/namaste-react/src/components/RestaurantMenu.jsx": {"path":"/home/aryan/Desktop/MyProgress/Coding/MERN/namaste-react/src/components/RestaurantMenu.jsx","statementMap":{"0":{"start":{"line":7,"column":23},"end":{"line":48,"column":1}},"1":{"start":{"line":9,"column":20},"end":{"line":9,"column":31}},"2":{"start":{"line":10,"column":20},"end":{"line":10,"column":44}},"3":{"start":{"line":12,"column":38},"end":{"line":12,"column":49}},"4":{"start":{"line":14,"column":4},"end":{"line":18,"column":5}},"5":{"start":{"line":15,"column":8},"end":{"line":17,"column":9}},"6":{"start":{"line":20,"column":41},"end":{"line":20,"column":82}},"7":{"start":{"line":22,"column":20},"end":{"line":22,"column":79}},"8":{"start":{"line":24,"column":23},"end":{"line":24,"column":191}},"9":{"start":{"line":24,"column":101},"end":{"line":24,"column":190}},"10":{"start":{"line":27,"column":4},"end":{"line":27,"column":23}},"11":{"start":{"line":29,"column":4},"end":{"line":47,"column":5}},"12":{"start":{"line":38,"column":20},"end":{"line":43,"column":22}},"13":{"start":{"line":42,"column":46},"end":{"line":42,"column":65}}},"fnMap":{"0":{"name":"(anonymous_0)","decl":{"start":{"line":7,"column":23},"end":{"line":7,"column":24}},"loc":{"start":{"line":7,"column":29},"end":{"line":48,"column":1}},"line":7},"1":{"name":"(anonymous_1)","decl":{"start":{"line":24,"column":96},"end":{"line":24,"column":97}},"loc":{"start":{"line":24,"column":101},"end":{"line":24,"column":190}},"line":24},"2":{"name":"(anonymous_2)","decl":{"start":{"line":37,"column":32},"end":{"line":37,"column":33}},"loc":{"start":{"line":38,"column":20},"end":{"line":43,"column":22}},"line":38},"3":{"name":"(anonymous_3)","decl":{"start":{"line":42,"column":40},"end":{"line":42,"column":41}},"loc":{"start":{"line":42,"column":46},"end":{"line":42,"column":65}},"line":42}},"branchMap":{"0":{"loc":{"start":{"line":14,"column":4},"end":{"line":18,"column":5}},"type":"if","locations":[{"start":{"line":14,"column":4},"end":{"line":18,"column":5}},{"start":{},"end":{}}],"line":14},"1":{"loc":{"start":{"line":41,"column":35},"end":{"line":41,"column":62}},"type":"binary-expr","locations":[{"start":{"line":41,"column":35},"end":{"line":41,"column":54}},{"start":{"line":41,"column":58},"end":{"line":41,"column":62}}],"line":41}},"s":{"0":1,"1":3,"2":3,"3":3,"4":3,"5":1,"6":2,"7":2,"8":2,"9":34,"10":2,"11":2,"12":10,"13":1},"f":{"0":3,"1":34,"2":10,"3":1},"b":{"0":[1,2],"1":[10,2]},"_coverageSchema":"1a1c01bbd47fc00a2c39e90264f33305004495a9","hash":"d4e7d3c4301b4ed368fd1cc26168376a5fecc88a"}
,"/home/aryan/Desktop/MyProgress/Coding/MERN/namaste-react/src/utils/appStore.js": {"path":"/home/aryan/Desktop/MyProgress/Coding/MERN/namaste-react/src/utils/appStore.js","statementMap":{"0":{"start":{"line":4,"column":17},"end":{"line":8,"column":2}}},"fnMap":{},"branchMap":{},"s":{"0":2},"f":{},"b":{},"_coverageSchema":"1a1c01bbd47fc00a2c39e90264f33305004495a9","hash":"8459c14febf3a5588c68a575a0bc837c0c94cd5f"}
}
