TN:
SF:src/components/Header.jsx
FN:4,(anonymous_0)
FNF:1
FNH:1
FNDA:1,(anonymous_0)
DA:4,1
DA:5,1
LF:2
LH:2
BRF:0
BRH:0
end_of_record
TN:
SF:src/components/ItemList.jsx
FN:5,(anonymous_0)
FN:10,(anonymous_1)
FN:15,(anonymous_2)
FN:26,(anonymous_3)
FNF:4
FNH:4
FNDA:5,(anonymous_0)
FNDA:1,(anonymous_1)
FNDA:18,(anonymous_2)
FNDA:1,(anonymous_3)
DA:5,1
DA:6,5
DA:8,5
DA:10,5
DA:11,1
DA:13,5
DA:16,18
DA:26,1
LF:8
LH:8
BRDA:20,0,0,6
BRDA:20,0,1,12
BRF:2
BRH:2
end_of_record
TN:
SF:src/components/RestaurantCard.jsx
FN:3,(anonymous_0)
FN:24,(anonymous_1)
FN:25,(anonymous_2)
FNF:3
FNH:3
FNDA:21,(anonymous_0)
FNDA:5,(anonymous_1)
FNDA:20,(anonymous_2)
DA:3,2
DA:4,21
DA:6,21
DA:7,21
DA:24,2
DA:25,5
DA:28,20
LF:7
LH:7
BRF:0
BRH:0
end_of_record
TN:
SF:src/components/RestaurantContainer.jsx
FN:11,(anonymous_0)
FN:22,(anonymous_1)
FN:26,(anonymous_2)
FN:47,(anonymous_3)
FN:50,(anonymous_4)
FN:51,(anonymous_5)
FN:56,(anonymous_6)
FN:57,(anonymous_7)
FN:62,(anonymous_8)
FN:67,(anonymous_9)
FNF:10
FNH:7
FNDA:4,(anonymous_0)
FNDA:1,(anonymous_1)
FNDA:1,(anonymous_2)
FNDA:1,(anonymous_3)
FNDA:1,(anonymous_4)
FNDA:9,(anonymous_5)
FNDA:0,(anonymous_6)
FNDA:0,(anonymous_7)
FNDA:0,(anonymous_8)
FNDA:19,(anonymous_9)
DA:11,1
DA:12,4
DA:13,4
DA:16,4
DA:18,4
DA:20,4
DA:22,4
DA:23,1
DA:26,4
DA:27,1
DA:29,1
DA:31,1
DA:33,1
DA:34,1
DA:37,4
DA:38,4
DA:41,4
DA:48,1
DA:51,9
DA:52,1
DA:57,0
DA:58,0
DA:62,0
DA:67,19
LF:24
LH:21
BRDA:38,0,0,0
BRDA:38,0,1,4
BRDA:41,1,0,1
BRDA:41,1,1,3
BRDA:68,2,0,19
BRDA:68,2,1,0
BRF:6
BRH:4
end_of_record
TN:
SF:src/components/RestaurantMenu.jsx
FN:7,(anonymous_0)
FN:24,(anonymous_1)
FN:37,(anonymous_2)
FN:42,(anonymous_3)
FNF:4
FNH:4
FNDA:3,(anonymous_0)
FNDA:34,(anonymous_1)
FNDA:10,(anonymous_2)
FNDA:1,(anonymous_3)
DA:7,1
DA:9,3
DA:10,3
DA:12,3
DA:14,3
DA:15,1
DA:20,2
DA:22,2
DA:24,34
DA:27,2
DA:29,2
DA:38,10
DA:42,1
LF:13
LH:13
BRDA:14,0,0,1
BRDA:14,0,1,2
BRDA:41,1,0,10
BRDA:41,1,1,2
BRF:4
BRH:4
end_of_record
TN:
SF:src/utils/appStore.js
FNF:0
FNH:0
DA:4,2
LF:1
LH:1
BRF:0
BRH:0
end_of_record
